# JRE version: OpenJDK Runtime Environment (17.0.10) (build 17.0.10+0--11609105)
# Java VM: OpenJDK 64-Bit Server VM (17.0.10+0--11609105, mixed mode, tiered, compressed oops, compressed class ptrs, g1 gc, windows-amd64)
GC Precious Log:
 CPUs: 8 total, 8 available
 Memory: 11930M
 Large Page Support: Disabled
 NUMA Support: Disabled
 Compressed Oops: Enabled (32-bit)
 Heap Region Size: 1M
 Heap Min Capacity: 8M
 Heap Initial Capacity: 188M
 Heap Max Capacity: 2G
 Pre-touch: Disabled
 Parallel Workers: 8
 Concurrent Workers: 2
 Concurrent Refinement Workers: 8
 Periodic GC: Disabled
Heap:
 garbage-first heap   total 268288K, used 141388K [0x0000000080000000, 0x0000000100000000)
  region size 1024K, 60 young (61440K), 1 survivors (1024K)
 Metaspace       used 79160K, committed 79808K, reserved 1179648K
  class space    used 11194K, committed 11520K, reserved 1048576K
GC Heap History (20 events):
Event: 4.404 GC heap before
{Heap before GC invocations=20 (full 0):
 garbage-first heap   total 92160K, used 66718K [0x0000000080000000, 0x0000000100000000)
  region size 1024K, 12 young (12288K), 3 survivors (3072K)
 Metaspace       used 50903K, committed 51392K, reserved 1114112K
  class space    used 6898K, committed 7104K, reserved 1048576K
}
Event: 4.408 GC heap after
{Heap after GC invocations=21 (full 0):
 garbage-first heap   total 92160K, used 62283K [0x0000000080000000, 0x0000000100000000)
  region size 1024K, 3 young (3072K), 3 survivors (3072K)
 Metaspace       used 50903K, committed 51392K, reserved 1114112K
  class space    used 6898K, committed 7104K, reserved 1048576K
}
Event: 4.550 GC heap before
{Heap before GC invocations=22 (full 0):
 garbage-first heap   total 119808K, used 81739K [0x0000000080000000, 0x0000000100000000)
  region size 1024K, 15 young (15360K), 3 survivors (3072K)
 Metaspace       used 52645K, committed 53120K, reserved 1114112K
  class space    used 7018K, committed 7232K, reserved 1048576K
}
Event: 4.552 GC heap after
{Heap after GC invocations=23 (full 0):
 garbage-first heap   total 119808K, used 69248K [0x0000000080000000, 0x0000000100000000)
  region size 1024K, 2 young (2048K), 2 survivors (2048K)
 Metaspace       used 52645K, committed 53120K, reserved 1114112K
  class space    used 7018K, committed 7232K, reserved 1048576K
}
Event: 4.756 GC heap before
{Heap before GC invocations=23 (full 0):
 garbage-first heap   total 119808K, used 91776K [0x0000000080000000, 0x0000000100000000)
  region size 1024K, 24 young (24576K), 2 survivors (2048K)
 Metaspace       used 53626K, committed 54208K, reserved 1114112K
  class space    used 7174K, committed 7488K, reserved 1048576K
}
Event: 4.759 GC heap after
{Heap after GC invocations=24 (full 0):
 garbage-first heap   total 144384K, used 70393K [0x0000000080000000, 0x0000000100000000)
  region size 1024K, 3 young (3072K), 3 survivors (3072K)
 Metaspace       used 53626K, committed 54208K, reserved 1114112K
  class space    used 7174K, committed 7488K, reserved 1048576K
}
Event: 5.258 GC heap before
{Heap before GC invocations=25 (full 0):
 garbage-first heap   total 144384K, used 106233K [0x0000000080000000, 0x0000000100000000)
  region size 1024K, 38 young (38912K), 3 survivors (3072K)
 Metaspace       used 57834K, committed 58432K, reserved 1114112K
  class space    used 7861K, committed 8128K, reserved 1048576K
}
Event: 5.264 GC heap after
{Heap after GC invocations=26 (full 0):
 garbage-first heap   total 144384K, used 72545K [0x0000000080000000, 0x0000000100000000)
  region size 1024K, 5 young (5120K), 5 survivors (5120K)
 Metaspace       used 57834K, committed 58432K, reserved 1114112K
  class space    used 7861K, committed 8128K, reserved 1048576K
}
Event: 5.855 GC heap before
{Heap before GC invocations=26 (full 0):
 garbage-first heap   total 144384K, used 109409K [0x0000000080000000, 0x0000000100000000)
  region size 1024K, 41 young (41984K), 5 survivors (5120K)
 Metaspace       used 61285K, committed 61888K, reserved 1114112K
  class space    used 8423K, committed 8704K, reserved 1048576K
}
Event: 5.862 GC heap after
{Heap after GC invocations=27 (full 0):
 garbage-first heap   total 144384K, used 75924K [0x0000000080000000, 0x0000000100000000)
  region size 1024K, 6 young (6144K), 6 survivors (6144K)
 Metaspace       used 61285K, committed 61888K, reserved 1114112K
  class space    used 8423K, committed 8704K, reserved 1048576K
}
Event: 6.248 GC heap before
{Heap before GC invocations=28 (full 0):
 garbage-first heap   total 144384K, used 109716K [0x0000000080000000, 0x0000000100000000)
  region size 1024K, 40 young (40960K), 6 survivors (6144K)
 Metaspace       used 61835K, committed 62528K, reserved 1114112K
  class space    used 8455K, committed 8768K, reserved 1048576K
}
Event: 6.253 GC heap after
{Heap after GC invocations=29 (full 0):
 garbage-first heap   total 144384K, used 79547K [0x0000000080000000, 0x0000000100000000)
  region size 1024K, 5 young (5120K), 5 survivors (5120K)
 Metaspace       used 61835K, committed 62528K, reserved 1114112K
  class space    used 8455K, committed 8768K, reserved 1048576K
}
Event: 6.262 GC heap before
{Heap before GC invocations=29 (full 0):
 garbage-first heap   total 144384K, used 81595K [0x0000000080000000, 0x0000000100000000)
  region size 1024K, 7 young (7168K), 5 survivors (5120K)
 Metaspace       used 61850K, committed 62528K, reserved 1114112K
  class space    used 8455K, committed 8768K, reserved 1048576K
}
Event: 6.265 GC heap after
{Heap after GC invocations=30 (full 0):
 garbage-first heap   total 144384K, used 79657K [0x0000000080000000, 0x0000000100000000)
  region size 1024K, 1 young (1024K), 1 survivors (1024K)
 Metaspace       used 61850K, committed 62528K, reserved 1114112K
  class space    used 8455K, committed 8768K, reserved 1048576K
}
Event: 6.587 GC heap before
{Heap before GC invocations=30 (full 0):
 garbage-first heap   total 144384K, used 112425K [0x0000000080000000, 0x0000000100000000)
  region size 1024K, 34 young (34816K), 1 survivors (1024K)
 Metaspace       used 65966K, committed 66624K, reserved 1114112K
  class space    used 9452K, committed 9728K, reserved 1048576K
}
Event: 6.591 GC heap after
{Heap after GC invocations=31 (full 0):
 garbage-first heap   total 144384K, used 82180K [0x0000000080000000, 0x0000000100000000)
  region size 1024K, 4 young (4096K), 4 survivors (4096K)
 Metaspace       used 65966K, committed 66624K, reserved 1114112K
  class space    used 9452K, committed 9728K, reserved 1048576K
}
Event: 6.837 GC heap before
{Heap before GC invocations=32 (full 0):
 garbage-first heap   total 145408K, used 114948K [0x0000000080000000, 0x0000000100000000)
  region size 1024K, 36 young (36864K), 4 survivors (4096K)
 Metaspace       used 69721K, committed 70336K, reserved 1114112K
  class space    used 9967K, committed 10240K, reserved 1048576K
}
Event: 6.841 GC heap after
{Heap after GC invocations=33 (full 0):
 garbage-first heap   total 145408K, used 83130K [0x0000000080000000, 0x0000000100000000)
  region size 1024K, 1 young (1024K), 1 survivors (1024K)
 Metaspace       used 69721K, committed 70336K, reserved 1114112K
  class space    used 9967K, committed 10240K, reserved 1048576K
}
Event: 6.918 GC heap before
{Heap before GC invocations=33 (full 0):
 garbage-first heap   total 145408K, used 89274K [0x0000000080000000, 0x0000000100000000)
  region size 1024K, 7 young (7168K), 1 survivors (1024K)
 Metaspace       used 70478K, committed 71104K, reserved 1114112K
  class space    used 10089K, committed 10368K, reserved 1048576K
}
Event: 6.921 GC heap after
{Heap after GC invocations=34 (full 0):
 garbage-first heap   total 268288K, used 81996K [0x0000000080000000, 0x0000000100000000)
  region size 1024K, 1 young (1024K), 1 survivors (1024K)
 Metaspace       used 70478K, committed 71104K, reserved 1114112K
  class space    used 10089K, committed 10368K, reserved 1048576K
}

