# JRE version: OpenJDK Runtime Environment (17.0.10) (build 17.0.10+0--11609105)
# Java VM: OpenJDK 64-Bit Server VM (17.0.10+0--11609105, mixed mode, tiered, compressed oops, compressed class ptrs, g1 gc, windows-amd64)
GC Precious Log:
 CPUs: 8 total, 8 available
 Memory: 11930M
 Large Page Support: Disabled
 NUMA Support: Disabled
 Compressed Oops: Enabled (32-bit)
 Heap Region Size: 1M
 Heap Min Capacity: 8M
 Heap Initial Capacity: 188M
 Heap Max Capacity: 2G
 Pre-touch: Disabled
 Parallel Workers: 8
 Concurrent Workers: 2
 Concurrent Refinement Workers: 8
 Periodic GC: Disabled
Heap:
 garbage-first heap   total 192512K, used 102023K [0x0000000080000000, 0x0000000100000000)
  region size 1024K, 2 young (2048K), 2 survivors (2048K)
 Metaspace       used 91914K, committed 92608K, reserved 1179648K
  class space    used 12294K, committed 12608K, reserved 1048576K
GC Heap History (20 events):
Event: 6.989 GC heap after
{Heap after GC invocations=32 (full 0):
 garbage-first heap   total 122880K, used 71634K [0x0000000080000000, 0x0000000100000000)
  region size 1024K, 1 young (1024K), 1 survivors (1024K)
 Metaspace       used 61142K, committed 61760K, reserved 1114112K
  class space    used 8650K, committed 8960K, reserved 1048576K
}
Event: 7.270 GC heap before
{Heap before GC invocations=33 (full 0):
 garbage-first heap   total 128000K, used 95186K [0x0000000080000000, 0x0000000100000000)
  region size 1024K, 25 young (25600K), 1 survivors (1024K)
 Metaspace       used 64430K, committed 65088K, reserved 1114112K
  class space    used 9104K, committed 9408K, reserved 1048576K
}
Event: 7.272 GC heap after
{Heap after GC invocations=34 (full 0):
 garbage-first heap   total 128000K, used 72299K [0x0000000080000000, 0x0000000100000000)
  region size 1024K, 2 young (2048K), 2 survivors (2048K)
 Metaspace       used 64430K, committed 65088K, reserved 1114112K
  class space    used 9104K, committed 9408K, reserved 1048576K
}
Event: 7.646 GC heap before
{Heap before GC invocations=34 (full 0):
 garbage-first heap   total 128000K, used 100971K [0x0000000080000000, 0x0000000100000000)
  region size 1024K, 30 young (30720K), 2 survivors (2048K)
 Metaspace       used 68512K, committed 69184K, reserved 1114112K
  class space    used 9614K, committed 9920K, reserved 1048576K
}
Event: 7.650 GC heap after
{Heap after GC invocations=35 (full 0):
 garbage-first heap   total 128000K, used 72909K [0x0000000080000000, 0x0000000100000000)
  region size 1024K, 2 young (2048K), 2 survivors (2048K)
 Metaspace       used 68512K, committed 69184K, reserved 1114112K
  class space    used 9614K, committed 9920K, reserved 1048576K
}
Event: 7.868 GC heap before
{Heap before GC invocations=36 (full 0):
 garbage-first heap   total 128000K, used 87245K [0x0000000080000000, 0x0000000100000000)
  region size 1024K, 17 young (17408K), 2 survivors (2048K)
 Metaspace       used 71024K, committed 71680K, reserved 1114112K
  class space    used 9944K, committed 10240K, reserved 1048576K
}
Event: 7.871 GC heap after
{Heap after GC invocations=37 (full 0):
 garbage-first heap   total 128000K, used 73115K [0x0000000080000000, 0x0000000100000000)
  region size 1024K, 3 young (3072K), 3 survivors (3072K)
 Metaspace       used 71024K, committed 71680K, reserved 1114112K
  class space    used 9944K, committed 10240K, reserved 1048576K
}
Event: 8.095 GC heap before
{Heap before GC invocations=38 (full 0):
 garbage-first heap   total 140288K, used 111003K [0x0000000080000000, 0x0000000100000000)
  region size 1024K, 33 young (33792K), 3 survivors (3072K)
 Metaspace       used 71377K, committed 72064K, reserved 1114112K
  class space    used 9953K, committed 10240K, reserved 1048576K
}
Event: 8.106 GC heap after
{Heap after GC invocations=39 (full 0):
 garbage-first heap   total 168960K, used 89134K [0x0000000080000000, 0x0000000100000000)
  region size 1024K, 5 young (5120K), 5 survivors (5120K)
 Metaspace       used 71377K, committed 72064K, reserved 1114112K
  class space    used 9953K, committed 10240K, reserved 1048576K
}
Event: 8.710 GC heap before
{Heap before GC invocations=39 (full 0):
 garbage-first heap   total 168960K, used 128046K [0x0000000080000000, 0x0000000100000000)
  region size 1024K, 44 young (45056K), 5 survivors (5120K)
 Metaspace       used 75545K, committed 76160K, reserved 1179648K
  class space    used 10460K, committed 10752K, reserved 1048576K
}
Event: 8.725 GC heap after
{Heap after GC invocations=40 (full 0):
 garbage-first heap   total 168960K, used 85040K [0x0000000080000000, 0x0000000100000000)
  region size 1024K, 6 young (6144K), 6 survivors (6144K)
 Metaspace       used 75545K, committed 76160K, reserved 1179648K
  class space    used 10460K, committed 10752K, reserved 1048576K
}
Event: 9.357 GC heap before
{Heap before GC invocations=41 (full 0):
 garbage-first heap   total 168960K, used 136240K [0x0000000080000000, 0x0000000100000000)
  region size 1024K, 49 young (50176K), 6 survivors (6144K)
 Metaspace       used 80375K, committed 81024K, reserved 1179648K
  class space    used 10915K, committed 11200K, reserved 1048576K
}
Event: 9.371 GC heap after
{Heap after GC invocations=42 (full 0):
 garbage-first heap   total 168960K, used 95376K [0x0000000080000000, 0x0000000100000000)
  region size 1024K, 6 young (6144K), 6 survivors (6144K)
 Metaspace       used 80375K, committed 81024K, reserved 1179648K
  class space    used 10915K, committed 11200K, reserved 1048576K
}
Event: 9.997 GC heap before
{Heap before GC invocations=42 (full 0):
 garbage-first heap   total 168960K, used 134288K [0x0000000080000000, 0x0000000100000000)
  region size 1024K, 44 young (45056K), 6 survivors (6144K)
 Metaspace       used 85176K, committed 85824K, reserved 1179648K
  class space    used 11463K, committed 11776K, reserved 1048576K
}
Event: 10.009 GC heap after
{Heap after GC invocations=43 (full 0):
 garbage-first heap   total 168960K, used 97040K [0x0000000080000000, 0x0000000100000000)
  region size 1024K, 5 young (5120K), 5 survivors (5120K)
 Metaspace       used 85176K, committed 85824K, reserved 1179648K
  class space    used 11463K, committed 11776K, reserved 1048576K
}
Event: 10.757 GC heap before
{Heap before GC invocations=44 (full 0):
 garbage-first heap   total 168960K, used 138000K [0x0000000080000000, 0x0000000100000000)
  region size 1024K, 44 young (45056K), 5 survivors (5120K)
 Metaspace       used 89887K, committed 90560K, reserved 1179648K
  class space    used 12075K, committed 12352K, reserved 1048576K
}
Event: 10.768 GC heap after
{Heap after GC invocations=45 (full 0):
 garbage-first heap   total 168960K, used 100454K [0x0000000080000000, 0x0000000100000000)
  region size 1024K, 5 young (5120K), 5 survivors (5120K)
 Metaspace       used 89887K, committed 90560K, reserved 1179648K
  class space    used 12075K, committed 12352K, reserved 1048576K
}
Event: 10.789 GC heap before
{Heap before GC invocations=45 (full 0):
 garbage-first heap   total 168960K, used 103526K [0x0000000080000000, 0x0000000100000000)
  region size 1024K, 8 young (8192K), 5 survivors (5120K)
 Metaspace       used 89905K, committed 90560K, reserved 1179648K
  class space    used 12075K, committed 12352K, reserved 1048576K
}
Event: 10.796 GC heap after
{Heap after GC invocations=46 (full 0):
 garbage-first heap   total 168960K, used 101018K [0x0000000080000000, 0x0000000100000000)
  region size 1024K, 1 young (1024K), 1 survivors (1024K)
 Metaspace       used 89905K, committed 90560K, reserved 1179648K
  class space    used 12075K, committed 12352K, reserved 1048576K
}
Event: 11.290 GC heap before
{Heap before GC invocations=46 (full 0):
 garbage-first heap   total 168960K, used 138906K [0x0000000080000000, 0x0000000100000000)
  region size 1024K, 38 young (38912K), 1 survivors (1024K)
 Metaspace       used 91914K, committed 92608K, reserved 1179648K
  class space    used 12294K, committed 12608K, reserved 1048576K
}

