# JRE version: OpenJDK Runtime Environment (17.0.10) (build 17.0.10+0--11609105)
# Java VM: OpenJDK 64-Bit Server VM (17.0.10+0--11609105, mixed mode, tiered, compressed oops, compressed class ptrs, g1 gc, windows-amd64)
GC Precious Log:
 CPUs: 8 total, 8 available
 Memory: 11930M
 Large Page Support: Disabled
 NUMA Support: Disabled
 Compressed Oops: Enabled (32-bit)
 Heap Region Size: 1M
 Heap Min Capacity: 8M
 Heap Initial Capacity: 188M
 Heap Max Capacity: 2G
 Pre-touch: Disabled
 Parallel Workers: 8
 Concurrent Workers: 2
 Concurrent Refinement Workers: 8
 Periodic GC: Disabled
Heap:
 garbage-first heap   total 278528K, used 142130K [0x0000000080000000, 0x0000000100000000)
  region size 1024K, 26 young (26624K), 2 survivors (2048K)
 Metaspace       used 139671K, committed 140416K, reserved 1179648K
  class space    used 18023K, committed 18368K, reserved 1048576K
GC Heap History (20 events):
Event: 9.078 GC heap before
{Heap before GC invocations=43 (full 0):
 garbage-first heap   total 202752K, used 167005K [0x0000000080000000, 0x0000000100000000)
  region size 1024K, 71 young (72704K), 8 survivors (8192K)
 Metaspace       used 100131K, committed 100736K, reserved 1179648K
  class space    used 13159K, committed 13440K, reserved 1048576K
}
Event: 9.086 GC heap after
{Heap after GC invocations=44 (full 0):
 garbage-first heap   total 202752K, used 107370K [0x0000000080000000, 0x0000000100000000)
  region size 1024K, 4 young (4096K), 4 survivors (4096K)
 Metaspace       used 100131K, committed 100736K, reserved 1179648K
  class space    used 13159K, committed 13440K, reserved 1048576K
}
Event: 9.703 GC heap before
{Heap before GC invocations=45 (full 0):
 garbage-first heap   total 202752K, used 169834K [0x0000000080000000, 0x0000000100000000)
  region size 1024K, 65 young (66560K), 4 survivors (4096K)
 Metaspace       used 109054K, committed 109696K, reserved 1179648K
  class space    used 14162K, committed 14464K, reserved 1048576K
}
Event: 9.710 GC heap after
{Heap after GC invocations=46 (full 0):
 garbage-first heap   total 202752K, used 108700K [0x0000000080000000, 0x0000000100000000)
  region size 1024K, 6 young (6144K), 6 survivors (6144K)
 Metaspace       used 109054K, committed 109696K, reserved 1179648K
  class space    used 14162K, committed 14464K, reserved 1048576K
}
Event: 10.131 GC heap before
{Heap before GC invocations=46 (full 0):
 garbage-first heap   total 202752K, used 157852K [0x0000000080000000, 0x0000000100000000)
  region size 1024K, 55 young (56320K), 6 survivors (6144K)
 Metaspace       used 113646K, committed 114240K, reserved 1179648K
  class space    used 14643K, committed 14912K, reserved 1048576K
}
Event: 10.137 GC heap after
{Heap after GC invocations=47 (full 0):
 garbage-first heap   total 202752K, used 112376K [0x0000000080000000, 0x0000000100000000)
  region size 1024K, 6 young (6144K), 6 survivors (6144K)
 Metaspace       used 113646K, committed 114240K, reserved 1179648K
  class space    used 14643K, committed 14912K, reserved 1048576K
}
Event: 10.459 GC heap before
{Heap before GC invocations=48 (full 0):
 garbage-first heap   total 229376K, used 170744K [0x0000000080000000, 0x0000000100000000)
  region size 1024K, 62 young (63488K), 6 survivors (6144K)
 Metaspace       used 114572K, committed 115136K, reserved 1179648K
  class space    used 14725K, committed 14976K, reserved 1048576K
}
Event: 10.465 GC heap after
{Heap after GC invocations=49 (full 0):
 garbage-first heap   total 229376K, used 117041K [0x0000000080000000, 0x0000000100000000)
  region size 1024K, 8 young (8192K), 8 survivors (8192K)
 Metaspace       used 114572K, committed 115136K, reserved 1179648K
  class space    used 14725K, committed 14976K, reserved 1048576K
}
Event: 11.363 GC heap before
{Heap before GC invocations=49 (full 0):
 garbage-first heap   total 229376K, used 186673K [0x0000000080000000, 0x0000000100000000)
  region size 1024K, 77 young (78848K), 8 survivors (8192K)
 Metaspace       used 124599K, committed 125312K, reserved 1179648K
  class space    used 16054K, committed 16384K, reserved 1048576K
}
Event: 11.378 GC heap after
{Heap after GC invocations=50 (full 0):
 garbage-first heap   total 229376K, used 122871K [0x0000000080000000, 0x0000000100000000)
  region size 1024K, 10 young (10240K), 10 survivors (10240K)
 Metaspace       used 124599K, committed 125312K, reserved 1179648K
  class space    used 16054K, committed 16384K, reserved 1048576K
}
Event: 12.527 GC heap before
{Heap before GC invocations=51 (full 0):
 garbage-first heap   total 229376K, used 188407K [0x0000000080000000, 0x0000000100000000)
  region size 1024K, 74 young (75776K), 10 survivors (10240K)
 Metaspace       used 130634K, committed 131328K, reserved 1179648K
  class space    used 16893K, committed 17216K, reserved 1048576K
}
Event: 12.537 GC heap after
{Heap after GC invocations=52 (full 0):
 garbage-first heap   total 229376K, used 127182K [0x0000000080000000, 0x0000000100000000)
  region size 1024K, 6 young (6144K), 6 survivors (6144K)
 Metaspace       used 130634K, committed 131328K, reserved 1179648K
  class space    used 16893K, committed 17216K, reserved 1048576K
}
Event: 12.604 GC heap before
{Heap before GC invocations=52 (full 0):
 garbage-first heap   total 229376K, used 132302K [0x0000000080000000, 0x0000000100000000)
  region size 1024K, 11 young (11264K), 6 survivors (6144K)
 Metaspace       used 130899K, committed 131648K, reserved 1179648K
  class space    used 16932K, committed 17280K, reserved 1048576K
}
Event: 12.609 GC heap after
{Heap after GC invocations=53 (full 0):
 garbage-first heap   total 229376K, used 126836K [0x0000000080000000, 0x0000000100000000)
  region size 1024K, 1 young (1024K), 1 survivors (1024K)
 Metaspace       used 130899K, committed 131648K, reserved 1179648K
  class space    used 16932K, committed 17280K, reserved 1048576K
}
Event: 12.715 GC heap before
{Heap before GC invocations=53 (full 0):
 garbage-first heap   total 229376K, used 142196K [0x0000000080000000, 0x0000000100000000)
  region size 1024K, 17 young (17408K), 1 survivors (1024K)
 Metaspace       used 131026K, committed 131776K, reserved 1179648K
  class space    used 16935K, committed 17280K, reserved 1048576K
}
Event: 12.721 GC heap after
{Heap after GC invocations=54 (full 0):
 garbage-first heap   total 229376K, used 129668K [0x0000000080000000, 0x0000000100000000)
  region size 1024K, 4 young (4096K), 4 survivors (4096K)
 Metaspace       used 131026K, committed 131776K, reserved 1179648K
  class space    used 16935K, committed 17280K, reserved 1048576K
}
Event: 13.313 GC heap before
{Heap before GC invocations=55 (full 0):
 garbage-first heap   total 278528K, used 193156K [0x0000000080000000, 0x0000000100000000)
  region size 1024K, 65 young (66560K), 4 survivors (4096K)
 Metaspace       used 132140K, committed 132864K, reserved 1179648K
  class space    used 17039K, committed 17344K, reserved 1048576K
}
Event: 13.317 GC heap after
{Heap after GC invocations=56 (full 0):
 garbage-first heap   total 278528K, used 126347K [0x0000000080000000, 0x0000000100000000)
  region size 1024K, 1 young (1024K), 1 survivors (1024K)
 Metaspace       used 132140K, committed 132864K, reserved 1179648K
  class space    used 17039K, committed 17344K, reserved 1048576K
}
Event: 13.659 GC heap before
{Heap before GC invocations=56 (full 0):
 garbage-first heap   total 278528K, used 138635K [0x0000000080000000, 0x0000000100000000)
  region size 1024K, 13 young (13312K), 1 survivors (1024K)
 Metaspace       used 134843K, committed 135680K, reserved 1179648K
  class space    used 17387K, committed 17792K, reserved 1048576K
}
Event: 13.664 GC heap after
{Heap after GC invocations=57 (full 0):
 garbage-first heap   total 278528K, used 118578K [0x0000000080000000, 0x0000000100000000)
  region size 1024K, 2 young (2048K), 2 survivors (2048K)
 Metaspace       used 134843K, committed 135680K, reserved 1179648K
  class space    used 17387K, committed 17792K, reserved 1048576K
}

